&struct_data
lattice_factor =   0.9285000000E+01,
lattice_list = 
    0.1000000000E+01,  0.0000000000E+00,  0.0000000000E+00,
   -0.5000000000E+00,  0.8660254038E+00,  0.0000000000E+00,
    0.0000000000E+00,  0.0000000000E+00,  0.1100100000E+01,
total_energy =  -0.107901873995E+03,
stress_tensor =
    -0.170645337036E+01,  -0.170645337037E+01,  -0.170850375802E+01,
    -0.104262442386E-10,  -0.179932670091E-10,   0.204282056388E-10,
fermi_energy =   0.2476735905E+00,   0.2476735905E+00,
number_element = 2,
number_atom = 9,
spin_polarization =   0.0000000000E+00,
abs_spin_polarization =   0.0000000000E+00
/

# valence_charge, nucleous_charge
   4.00000000  14.00000000
   6.00000000   8.00000000

# atom_kind, atom_position by cell coordinate
  1   0.464876550665  1.000000000000  0.666666666666
  1   0.000000000000  0.464876550665  0.333333333333
  1   0.535123449335  0.535123449335  0.000000000000
  2   0.409362679577  0.277497551738  0.776011636607
  2   0.722502448262  0.131865127840  0.442678303274
  2   0.868134872160  0.590637320423  0.109344969941
  2   0.277497551738  0.409362679577  0.223988363392
  2   0.131865127840  0.722502448262  0.557321696725
  2   0.590637320423  0.868134872160  0.890655030059

# force by Cartesian coordinate
  -0.964439936805E-04  -0.174362388116E-17   0.000000000000E+00
   0.482219968402E-04  -0.835229485697E-04  -0.132835699714E-27
   0.482219968402E-04   0.835229485697E-04   0.000000000000E+00
  -0.251281415364E-04  -0.670924622347E-04   0.242822081719E-04
   0.706678474665E-04   0.117846221966E-04   0.242822081719E-04
  -0.455397059293E-04   0.553078400384E-04   0.242822081716E-04
  -0.455397059294E-04  -0.553078400389E-04  -0.242822081719E-04
  -0.251281415372E-04   0.670924622346E-04  -0.242822081719E-04
   0.706678474664E-04  -0.117846221968E-04  -0.242822081717E-04
