    7    8    1
 G      X      K      G      L      K      W      X     
    10     5    10    10    10     5     5
   0.6220976E+00  0.6220976E+00 -0.6220976E+00
   0.6220976E+00  0.6220976E+00  0.0000000E+00
   0.4665732E+00  0.4665732E+00  0.0000000E+00
   0.0000000E+00  0.0000000E+00  0.0000000E+00
   0.3110488E+00  0.3110488E+00  0.3110488E+00
   0.4665732E+00  0.4665732E+00  0.0000000E+00
   0.3110488E+00  0.6220976E+00  0.0000000E+00
   0.0000000E+00  0.6220976E+00  0.0000000E+00
  -0.5527068E+01  0.6779915E+01  0.6779915E+01  0.6779923E+01  0.9381682E+01
   0.9381689E+01  0.9381759E+01  0.1070631E+02
  -0.5481342E+01  0.6520033E+01  0.6589082E+01  0.6589082E+01  0.9273204E+01
   0.9629189E+01  0.9629190E+01  0.1095283E+02
  -0.5344215E+01  0.5886125E+01  0.6160620E+01  0.6160620E+01  0.8994670E+01
   0.1023531E+02  0.1023531E+02  0.1146598E+02
  -0.5116197E+01  0.5078339E+01  0.5670875E+01  0.5670875E+01  0.8621540E+01
   0.1100694E+02  0.1100694E+02  0.1151538E+02
  -0.4795422E+01  0.4198037E+01  0.5199457E+01  0.5199457E+01  0.8245899E+01
   0.1082098E+02  0.1186926E+02  0.1186926E+02
  -0.4392925E+01  0.3283421E+01  0.4773631E+01  0.4773631E+01  0.7902099E+01
   0.9986850E+01  0.1277872E+02  0.1277872E+02
  -0.3905519E+01  0.2352695E+01  0.4414101E+01  0.4414101E+01  0.7622954E+01
   0.9215394E+01  0.1371612E+02  0.1371612E+02
  -0.3332908E+01  0.1426132E+01  0.4130520E+01  0.4130520E+01  0.7429051E+01
   0.8574364E+01  0.1468232E+02  0.1468232E+02
  -0.2687776E+01  0.5180950E+00  0.3924246E+01  0.3924246E+01  0.7329568E+01
   0.8068000E+01  0.1566666E+02  0.1566666E+02
  -0.1972496E+01 -0.3582721E+00  0.3800615E+01  0.3800615E+01  0.7338769E+01
   0.7699504E+01  0.1664862E+02  0.1664862E+02
  -0.1191055E+01 -0.1191058E+01  0.3758903E+01  0.3758903E+01  0.7463783E+01
   0.7463809E+01  0.1733116E+02  0.1733116E+02
  -0.1198803E+01 -0.1164630E+01  0.3606516E+01  0.3777540E+01  0.7485136E+01
   0.7686122E+01  0.1708424E+02  0.1719430E+02
  -0.1226896E+01 -0.1091523E+01  0.3245005E+01  0.3833108E+01  0.7548953E+01
   0.8272685E+01  0.1653078E+02  0.1685282E+02
  -0.1288501E+01 -0.9697045E+00  0.2828595E+01  0.3924900E+01  0.7654558E+01
   0.9077937E+01  0.1587586E+02  0.1639791E+02
  -0.1404419E+01 -0.8025270E+00  0.2463337E+01  0.4050671E+01  0.7792107E+01
   0.1001315E+02  0.1519793E+02  0.1589382E+02
  -0.1596667E+01 -0.5833191E+00  0.2210278E+01  0.4209963E+01  0.7976553E+01
   0.1102611E+02  0.1453475E+02  0.1537568E+02
  -0.2027319E+01 -0.1649597E+00  0.2092695E+01  0.4505867E+01  0.8320284E+01
   0.1260203E+02  0.1359257E+02  0.1462720E+02
  -0.2582676E+01  0.3571686E+00  0.2261426E+01  0.4857302E+01  0.8727384E+01
   0.1273038E+02  0.1306472E+02  0.1394292E+02
  -0.3183618E+01  0.9815475E+00  0.2644969E+01  0.5243820E+01  0.9170019E+01
   0.1195797E+02  0.1236090E+02  0.1336282E+02
  -0.3764480E+01  0.1703289E+01  0.3180526E+01  0.5634959E+01  0.9593340E+01
   0.1128184E+02  0.1167789E+02  0.1293522E+02
  -0.4280067E+01  0.2528489E+01  0.3827863E+01  0.6004749E+01  0.9913813E+01
   0.1070760E+02  0.1108040E+02  0.1271859E+02
  -0.4715605E+01  0.3434506E+01  0.4550255E+01  0.6314696E+01  0.1004820E+02
   0.1023741E+02  0.1056175E+02  0.1269076E+02
  -0.5065630E+01  0.4404803E+01  0.5298122E+01  0.6537930E+01  0.9860304E+01
   0.1000610E+02  0.1012648E+02  0.1253948E+02
  -0.5319218E+01  0.5409791E+01  0.6007186E+01  0.6682054E+01  0.9594957E+01
   0.9769713E+01  0.9858801E+01  0.1183196E+02
  -0.5475647E+01  0.6328911E+01  0.6557060E+01  0.6757030E+01  0.9434844E+01
   0.9493028E+01  0.9595819E+01  0.1101551E+02
  -0.5527092E+01  0.6779915E+01  0.6779919E+01  0.6779945E+01  0.9381682E+01
   0.9381760E+01  0.9381794E+01  0.1070630E+02
  -0.5492800E+01  0.6422088E+01  0.6720161E+01  0.6720164E+01  0.9468621E+01
   0.9468633E+01  0.9468977E+01  0.1091684E+02
  -0.5390188E+01  0.5622073E+01  0.6566308E+01  0.6566308E+01  0.9497491E+01
   0.9694374E+01  0.9694375E+01  0.1153319E+02
  -0.5216888E+01  0.4678703E+01  0.6368404E+01  0.6368404E+01  0.9384434E+01
   0.9981629E+01  0.9981629E+01  0.1236857E+02
  -0.4984755E+01  0.3705254E+01  0.6165570E+01  0.6165570E+01  0.9213524E+01
   0.1022978E+02  0.1022978E+02  0.1324014E+02
  -0.4690023E+01  0.2752562E+01  0.5974439E+01  0.5974439E+01  0.9035174E+01
   0.1037224E+02  0.1037224E+02  0.1407221E+02
  -0.4341418E+01  0.1850831E+01  0.5811909E+01  0.5811909E+01  0.8872701E+01
   0.1039831E+02  0.1039831E+02  0.1469297E+02
  -0.3944681E+01  0.1023002E+01  0.5684661E+01  0.5684661E+01  0.8743030E+01
   0.1034443E+02  0.1034443E+02  0.1481812E+02
  -0.3553310E+01  0.3011252E+00  0.5588025E+01  0.5588025E+01  0.8636525E+01
   0.1026228E+02  0.1026228E+02  0.1471774E+02
  -0.3212832E+01 -0.2317687E+00  0.5531075E+01  0.5531075E+01  0.8577187E+01
   0.1020088E+02  0.1020088E+02  0.1462362E+02
  -0.3067032E+01 -0.4422897E+00  0.5512065E+01  0.5512065E+01  0.8556351E+01
   0.1017828E+02  0.1017828E+02  0.1458750E+02
  -0.3046773E+01 -0.4318962E+00  0.5362854E+01  0.5479592E+01  0.8690351E+01
   0.1015146E+02  0.1024602E+02  0.1467113E+02
  -0.2992746E+01 -0.4016523E+00  0.4982886E+01  0.5389225E+01  0.8978439E+01
   0.1012620E+02  0.1044389E+02  0.1488037E+02
  -0.2906860E+01 -0.3577086E+00  0.4486598E+01  0.5253013E+01  0.9144019E+01
   0.1030173E+02  0.1074499E+02  0.1504012E+02
  -0.2788663E+01 -0.2992482E+00  0.3955278E+01  0.5089828E+01  0.9062031E+01
   0.1077806E+02  0.1115209E+02  0.1474931E+02
  -0.2637948E+01 -0.2393303E+00  0.3432091E+01  0.4916838E+01  0.8866292E+01
   0.1140136E+02  0.1164145E+02  0.1415167E+02
  -0.2457280E+01 -0.1955412E+00  0.2954105E+01  0.4743808E+01  0.8647509E+01
   0.1206711E+02  0.1219025E+02  0.1353324E+02
  -0.2248647E+01 -0.1928918E+00  0.2560341E+01  0.4581087E+01  0.8441513E+01
   0.1251822E+02  0.1278986E+02  0.1317721E+02
  -0.2013132E+01 -0.2636178E+00  0.2293265E+01  0.4436158E+01  0.8255578E+01
   0.1211836E+02  0.1342618E+02  0.1371835E+02
  -0.1777887E+01 -0.4149699E+00  0.2179713E+01  0.4310710E+01  0.8100155E+01
   0.1156760E+02  0.1405215E+02  0.1446229E+02
  -0.1596660E+01 -0.5833063E+00  0.2210284E+01  0.4209959E+01  0.7976558E+01
   0.1102600E+02  0.1453566E+02  0.1517130E+02
  -0.1571388E+01 -0.5888067E+00  0.2229880E+01  0.4062454E+01  0.8198683E+01
   0.1104329E+02  0.1411788E+02  0.1466595E+02
  -0.1499424E+01 -0.6173503E+00  0.2288375E+01  0.3707390E+01  0.8773193E+01
   0.1108752E+02  0.1350183E+02  0.1385288E+02
  -0.1379776E+01 -0.6830362E+00  0.2384942E+01  0.3295990E+01  0.9555716E+01
   0.1115269E+02  0.1289912E+02  0.1308123E+02
  -0.1212819E+01 -0.8022435E+00  0.2517939E+01  0.2934792E+01  0.1044491E+02
   0.1120675E+02  0.1236257E+02  0.1238117E+02
  -0.1006943E+01 -0.1006948E+01  0.2683895E+01  0.2683898E+01  0.1113692E+02
   0.1113693E+02  0.1200085E+02  0.1200090E+02
  -0.1020022E+01 -0.1020001E+01  0.2768764E+01  0.2768765E+01  0.1030115E+02
   0.1030117E+02  0.1294098E+02  0.1294101E+02
  -0.1070854E+01 -0.1070833E+01  0.3000399E+01  0.3000401E+01  0.9255649E+01
   0.9255670E+01  0.1426271E+02  0.1426273E+02
  -0.1130569E+01 -0.1130548E+01  0.3320780E+01  0.3320782E+01  0.8354896E+01
   0.8354920E+01  0.1562516E+02  0.1562519E+02
  -0.1174441E+01 -0.1174421E+01  0.3625402E+01  0.3625402E+01  0.7708972E+01
   0.7708997E+01  0.1685003E+02  0.1685005E+02
  -0.1191076E+01 -0.1191055E+01  0.3758906E+01  0.3758906E+01  0.7463788E+01
   0.7463813E+01  0.1733096E+02  0.1733096E+02
